# JRE version: OpenJDK Runtime Environment Temurin-17.0.4+8 (17.0.4+8) (build 17.0.4+8)
# Java VM: OpenJDK 64-Bit Server VM Temurin-17.0.4+8 (17.0.4+8, mixed mode, emulated-client, tiered, compressed oops, compressed class ptrs, g1 gc, windows-amd64)
GC Precious Log:
 CPUs: 2 total, 2 available
 Memory: 8190M
 Large Page Support: Disabled
 NUMA Support: Disabled
 Compressed Oops: Enabled (32-bit)
 Heap Region Size: 1M
 Heap Min Capacity: 8M
 Heap Initial Capacity: 128M
 Heap Max Capacity: 2G
 Pre-touch: Disabled
 Parallel Workers: 2
 Concurrent Workers: 1
 Concurrent Refinement Workers: 2
 Periodic GC: Disabled
Heap:
 garbage-first heap   total 75776K, used 39753K [0x0000000080000000, 0x0000000100000000)
  region size 1024K, 12 young (12288K), 3 survivors (3072K)
 Metaspace       used 59259K, committed 59712K, reserved 1105920K
  class space    used 8019K, committed 8256K, reserved 1048576K
GC Heap History (20 events):
Event: 17.701 GC heap before
{Heap before GC invocations=12 (full 0):
 garbage-first heap   total 45056K, used 34496K [0x0000000080000000, 0x0000000100000000)
  region size 1024K, 21 young (21504K), 3 survivors (3072K)
 Metaspace       used 35557K, committed 35968K, reserved 1081344K
  class space    used 4573K, committed 4800K, reserved 1048576K
}
Event: 17.716 GC heap after
{Heap after GC invocations=13 (full 0):
 garbage-first heap   total 54272K, used 17437K [0x0000000080000000, 0x0000000100000000)
  region size 1024K, 3 young (3072K), 3 survivors (3072K)
 Metaspace       used 35557K, committed 35968K, reserved 1081344K
  class space    used 4573K, committed 4800K, reserved 1048576K
}
Event: 17.777 GC heap before
{Heap before GC invocations=13 (full 0):
 garbage-first heap   total 54272K, used 17437K [0x0000000080000000, 0x0000000100000000)
  region size 1024K, 4 young (4096K), 3 survivors (3072K)
 Metaspace       used 35795K, committed 36160K, reserved 1081344K
  class space    used 4585K, committed 4800K, reserved 1048576K
}
Event: 17.786 GC heap after
{Heap after GC invocations=14 (full 0):
 garbage-first heap   total 54272K, used 17749K [0x0000000080000000, 0x0000000100000000)
  region size 1024K, 2 young (2048K), 2 survivors (2048K)
 Metaspace       used 35795K, committed 36160K, reserved 1081344K
  class space    used 4585K, committed 4800K, reserved 1048576K
}
Event: 19.194 GC heap before
{Heap before GC invocations=15 (full 0):
 garbage-first heap   total 54272K, used 41301K [0x0000000080000000, 0x0000000100000000)
  region size 1024K, 24 young (24576K), 2 survivors (2048K)
 Metaspace       used 38500K, committed 38784K, reserved 1089536K
  class space    used 4934K, committed 5056K, reserved 1048576K
}
Event: 19.206 GC heap after
{Heap after GC invocations=16 (full 0):
 garbage-first heap   total 54272K, used 19296K [0x0000000080000000, 0x0000000100000000)
  region size 1024K, 2 young (2048K), 2 survivors (2048K)
 Metaspace       used 38500K, committed 38784K, reserved 1089536K
  class space    used 4934K, committed 5056K, reserved 1048576K
}
Event: 19.274 GC heap before
{Heap before GC invocations=16 (full 0):
 garbage-first heap   total 54272K, used 20320K [0x0000000080000000, 0x0000000100000000)
  region size 1024K, 3 young (3072K), 2 survivors (2048K)
 Metaspace       used 38699K, committed 39104K, reserved 1089536K
  class space    used 4961K, committed 5120K, reserved 1048576K
}
Event: 19.282 GC heap after
{Heap after GC invocations=17 (full 0):
 garbage-first heap   total 54272K, used 19186K [0x0000000080000000, 0x0000000100000000)
  region size 1024K, 1 young (1024K), 1 survivors (1024K)
 Metaspace       used 38699K, committed 39104K, reserved 1089536K
  class space    used 4961K, committed 5120K, reserved 1048576K
}
Event: 23.485 GC heap before
{Heap before GC invocations=17 (full 0):
 garbage-first heap   total 54272K, used 40690K [0x0000000080000000, 0x0000000100000000)
  region size 1024K, 22 young (22528K), 1 survivors (1024K)
 Metaspace       used 41614K, committed 42048K, reserved 1089536K
  class space    used 5476K, committed 5696K, reserved 1048576K
}
Event: 23.493 GC heap after
{Heap after GC invocations=18 (full 0):
 garbage-first heap   total 54272K, used 20260K [0x0000000080000000, 0x0000000100000000)
  region size 1024K, 2 young (2048K), 2 survivors (2048K)
 Metaspace       used 41614K, committed 42048K, reserved 1089536K
  class space    used 5476K, committed 5696K, reserved 1048576K
}
Event: 24.180 GC heap before
{Heap before GC invocations=18 (full 0):
 garbage-first heap   total 54272K, used 40740K [0x0000000080000000, 0x0000000100000000)
  region size 1024K, 22 young (22528K), 2 survivors (2048K)
 Metaspace       used 44873K, committed 45248K, reserved 1089536K
  class space    used 5910K, committed 6080K, reserved 1048576K
}
Event: 24.189 GC heap after
{Heap after GC invocations=19 (full 0):
 garbage-first heap   total 54272K, used 21574K [0x0000000080000000, 0x0000000100000000)
  region size 1024K, 3 young (3072K), 3 survivors (3072K)
 Metaspace       used 44873K, committed 45248K, reserved 1089536K
  class space    used 5910K, committed 6080K, reserved 1048576K
}
Event: 24.899 GC heap before
{Heap before GC invocations=19 (full 0):
 garbage-first heap   total 54272K, used 42054K [0x0000000080000000, 0x0000000100000000)
  region size 1024K, 23 young (23552K), 3 survivors (3072K)
 Metaspace       used 47129K, committed 47552K, reserved 1097728K
  class space    used 6270K, committed 6464K, reserved 1048576K
}
Event: 24.915 GC heap after
{Heap after GC invocations=20 (full 0):
 garbage-first heap   total 54272K, used 23413K [0x0000000080000000, 0x0000000100000000)
  region size 1024K, 3 young (3072K), 3 survivors (3072K)
 Metaspace       used 47129K, committed 47552K, reserved 1097728K
  class space    used 6270K, committed 6464K, reserved 1048576K
}
Event: 26.319 GC heap before
{Heap before GC invocations=20 (full 0):
 garbage-first heap   total 54272K, used 42869K [0x0000000080000000, 0x0000000100000000)
  region size 1024K, 22 young (22528K), 3 survivors (3072K)
 Metaspace       used 48761K, committed 49152K, reserved 1097728K
  class space    used 6519K, committed 6720K, reserved 1048576K
}
Event: 26.336 GC heap after
{Heap after GC invocations=21 (full 0):
 garbage-first heap   total 75776K, used 25372K [0x0000000080000000, 0x0000000100000000)
  region size 1024K, 2 young (2048K), 2 survivors (2048K)
 Metaspace       used 48761K, committed 49152K, reserved 1097728K
  class space    used 6519K, committed 6720K, reserved 1048576K
}
Event: 27.873 GC heap before
{Heap before GC invocations=21 (full 0):
 garbage-first heap   total 75776K, used 59164K [0x0000000080000000, 0x0000000100000000)
  region size 1024K, 35 young (35840K), 2 survivors (2048K)
 Metaspace       used 53313K, committed 53824K, reserved 1097728K
  class space    used 7159K, committed 7424K, reserved 1048576K
}
Event: 27.891 GC heap after
{Heap after GC invocations=22 (full 0):
 garbage-first heap   total 75776K, used 29164K [0x0000000080000000, 0x0000000100000000)
  region size 1024K, 5 young (5120K), 5 survivors (5120K)
 Metaspace       used 53313K, committed 53824K, reserved 1097728K
  class space    used 7159K, committed 7424K, reserved 1048576K
}
Event: 29.207 GC heap before
{Heap before GC invocations=22 (full 0):
 garbage-first heap   total 75776K, used 56812K [0x0000000080000000, 0x0000000100000000)
  region size 1024K, 33 young (33792K), 5 survivors (5120K)
 Metaspace       used 57722K, committed 58240K, reserved 1105920K
  class space    used 7811K, committed 8064K, reserved 1048576K
}
Event: 29.228 GC heap after
{Heap after GC invocations=23 (full 0):
 garbage-first heap   total 75776K, used 31561K [0x0000000080000000, 0x0000000100000000)
  region size 1024K, 3 young (3072K), 3 survivors (3072K)
 Metaspace       used 57722K, committed 58240K, reserved 1105920K
  class space    used 7811K, committed 8064K, reserved 1048576K
}

